<?xml version="1.0" encoding="UTF-8"?>
<!-- Generated by org.testng.reporters.JUnitXMLReporter -->
<testsuite ignored="0" hostname="DESKTOP-C4H8AT4" failures="1" tests="31" name="TestNG" time="47.342" errors="0" timestamp="2023-08-19T11:54:14 EDT">
  <testcase classname="testLayer.SigninTest" name="@AfterMethod close" time="5.015">
    <failure type="org.openqa.selenium.WebDriverException" message="disconnected: not connected to DevTools
  (failed to check if window was closed: disconnected: not connected to DevTools)
  (Session info: chrome=115.0.5790.173)
Build info: version: &amp;apos;4.10.0&amp;apos;, revision: &amp;apos;c14d967899&amp;apos;
System info: os.name: &amp;apos;Windows 11&amp;apos;, os.arch: &amp;apos;amd64&amp;apos;, os.version: &amp;apos;10.0&amp;apos;, java.version: &amp;apos;20.0.1&amp;apos;
Driver info: org.openqa.selenium.chrome.ChromeDriver
Command: [56a3f595591debb89738cd7f366685a0, close {}]
Capabilities {acceptInsecureCerts: false, browserName: chrome, browserVersion: 115.0.5790.173, chrome: {chromedriverVersion: 114.0.5735.90 (386bc09e8f4f..., userDataDir: C:\Users\sagar\AppData\Loca...}, goog:chromeOptions: {debuggerAddress: localhost:65316}, networkConnectionEnabled: false, pageLoadStrategy: normal, platformName: windows, proxy: Proxy(), se:cdp: ws://localhost:65316/devtoo..., se:cdpVersion: 115.0.5790.173, setWindowRect: true, strictFileInteractability: false, timeouts: {implicit: 0, pageLoad: 300000, script: 30000}, unhandledPromptBehavior: dismiss and notify, webauthn:extension:credBlob: true, webauthn:extension:largeBlob: true, webauthn:extension:minPinLength: true, webauthn:extension:prf: true, webauthn:virtualAuthenticators: true}
Session ID: 56a3f595591debb89738cd7f366685a0">
      <![CDATA[org.openqa.selenium.WebDriverException: disconnected: not connected to DevTools
  (failed to check if window was closed: disconnected: not connected to DevTools)
  (Session info: chrome=115.0.5790.173)
Build info: version: '4.10.0', revision: 'c14d967899'
System info: os.name: 'Windows 11', os.arch: 'amd64', os.version: '10.0', java.version: '20.0.1'
Driver info: org.openqa.selenium.chrome.ChromeDriver
Command: [56a3f595591debb89738cd7f366685a0, close {}]
Capabilities {acceptInsecureCerts: false, browserName: chrome, browserVersion: 115.0.5790.173, chrome: {chromedriverVersion: 114.0.5735.90 (386bc09e8f4f..., userDataDir: C:\Users\sagar\AppData\Loca...}, goog:chromeOptions: {debuggerAddress: localhost:65316}, networkConnectionEnabled: false, pageLoadStrategy: normal, platformName: windows, proxy: Proxy(), se:cdp: ws://localhost:65316/devtoo..., se:cdpVersion: 115.0.5790.173, setWindowRect: true, strictFileInteractability: false, timeouts: {implicit: 0, pageLoad: 300000, script: 30000}, unhandledPromptBehavior: dismiss and notify, webauthn:extension:credBlob: true, webauthn:extension:largeBlob: true, webauthn:extension:minPinLength: true, webauthn:extension:prf: true, webauthn:virtualAuthenticators: true}
Session ID: 56a3f595591debb89738cd7f366685a0
at org.openqa.selenium.remote.codec.w3c.W3CHttpResponseCodec.createException(W3CHttpResponseCodec.java:199)
at org.openqa.selenium.remote.codec.w3c.W3CHttpResponseCodec.decode(W3CHttpResponseCodec.java:132)
at org.openqa.selenium.remote.codec.w3c.W3CHttpResponseCodec.decode(W3CHttpResponseCodec.java:51)
at org.openqa.selenium.remote.HttpCommandExecutor.execute(HttpCommandExecutor.java:191)
at org.openqa.selenium.remote.service.DriverCommandExecutor.invokeExecute(DriverCommandExecutor.java:196)
at org.openqa.selenium.remote.service.DriverCommandExecutor.execute(DriverCommandExecutor.java:171)
at org.openqa.selenium.remote.RemoteWebDriver.execute(RemoteWebDriver.java:531)
at org.openqa.selenium.remote.RemoteWebDriver.execute(RemoteWebDriver.java:590)
at org.openqa.selenium.remote.RemoteWebDriver.execute(RemoteWebDriver.java:594)
at org.openqa.selenium.remote.RemoteWebDriver.close(RemoteWebDriver.java:418)
at testLayer.SigninTest.close(SigninTest.java:392)
at java.base/java.util.ArrayList.forEach(ArrayList.java:1511)
... Removed 33 stack frames]]>
    </failure>
  </testcase> <!-- @AfterMethod close -->
  <testcase classname="testLayer.SigninTest" name="@BeforeMethod initsetup" time="0.0">
    <skipped/>
  </testcase> <!-- @BeforeMethod initsetup -->
  <testcase classname="testLayer.SigninTest" name="@AfterMethod close" time="0.0">
    <skipped/>
  </testcase> <!-- @AfterMethod close -->
  <testcase classname="testLayer.SigninTest" name="@BeforeMethod initsetup" time="0.0">
    <skipped/>
  </testcase> <!-- @BeforeMethod initsetup -->
  <testcase classname="testLayer.SigninTest" name="@AfterMethod close" time="0.0">
    <skipped/>
  </testcase> <!-- @AfterMethod close -->
  <testcase classname="testLayer.SigninTest" name="@BeforeMethod initsetup" time="0.0">
    <skipped/>
  </testcase> <!-- @BeforeMethod initsetup -->
  <testcase classname="testLayer.SigninTest" name="@AfterMethod close" time="0.0">
    <skipped/>
  </testcase> <!-- @AfterMethod close -->
  <testcase classname="testLayer.SigninTest" name="@BeforeMethod initsetup" time="0.0">
    <skipped/>
  </testcase> <!-- @BeforeMethod initsetup -->
  <testcase classname="testLayer.SigninTest" name="@AfterMethod close" time="0.0">
    <skipped/>
  </testcase> <!-- @AfterMethod close -->
  <testcase classname="testLayer.SigninTest" name="@BeforeMethod initsetup" time="0.0">
    <skipped/>
  </testcase> <!-- @BeforeMethod initsetup -->
  <testcase classname="testLayer.SigninTest" name="@AfterMethod close" time="0.0">
    <skipped/>
  </testcase> <!-- @AfterMethod close -->
  <testcase classname="testLayer.SigninTest" name="@BeforeMethod initsetup" time="0.0">
    <skipped/>
  </testcase> <!-- @BeforeMethod initsetup -->
  <testcase classname="testLayer.SigninTest" name="@AfterMethod close" time="0.0">
    <skipped/>
  </testcase> <!-- @AfterMethod close -->
  <testcase classname="testLayer.SigninTest" name="@BeforeMethod initsetup" time="0.0">
    <skipped/>
  </testcase> <!-- @BeforeMethod initsetup -->
  <testcase classname="testLayer.SigninTest" name="@AfterMethod close" time="0.0">
    <skipped/>
  </testcase> <!-- @AfterMethod close -->
  <testcase classname="testLayer.SigninTest" name="@BeforeMethod initsetup" time="0.0">
    <skipped/>
  </testcase> <!-- @BeforeMethod initsetup -->
  <testcase classname="testLayer.SigninTest" name="@AfterMethod close" time="0.0">
    <skipped/>
  </testcase> <!-- @AfterMethod close -->
  <testcase classname="testLayer.SigninTest" name="@BeforeMethod initsetup" time="0.0">
    <skipped/>
  </testcase> <!-- @BeforeMethod initsetup -->
  <testcase classname="testLayer.SigninTest" name="@AfterMethod close" time="0.0">
    <skipped/>
  </testcase> <!-- @AfterMethod close -->
  <testcase classname="testLayer.SigninTest" name="@BeforeMethod initsetup" time="0.0">
    <skipped/>
  </testcase> <!-- @BeforeMethod initsetup -->
  <testcase classname="testLayer.SigninTest" name="@AfterMethod close" time="0.0">
    <skipped/>
  </testcase> <!-- @AfterMethod close -->
  <testcase classname="testLayer.SigninTest" name="@BeforeMethod initsetup" time="0.0">
    <skipped/>
  </testcase> <!-- @BeforeMethod initsetup -->
  <testcase classname="testLayer.SigninTest" name="@AfterMethod close" time="0.0">
    <skipped/>
  </testcase> <!-- @AfterMethod close -->
  <testcase classname="testLayer.SigninTest" name="@BeforeMethod initsetup" time="0.0">
    <skipped/>
  </testcase> <!-- @BeforeMethod initsetup -->
  <testcase classname="testLayer.SigninTest" name="@AfterMethod close" time="0.0">
    <skipped/>
  </testcase> <!-- @AfterMethod close -->
  <testcase classname="testLayer.SigninTest" name="@BeforeMethod initsetup" time="0.0">
    <skipped/>
  </testcase> <!-- @BeforeMethod initsetup -->
  <testcase classname="testLayer.SigninTest" name="@AfterMethod close" time="0.0">
    <skipped/>
  </testcase> <!-- @AfterMethod close -->
  <testcase classname="testLayer.SigninTest" name="@BeforeMethod initsetup" time="0.0">
    <skipped/>
  </testcase> <!-- @BeforeMethod initsetup -->
  <testcase classname="testLayer.SigninTest" name="@AfterMethod close" time="0.0">
    <skipped/>
  </testcase> <!-- @AfterMethod close -->
  <testcase classname="testLayer.SigninTest" name="@BeforeMethod initsetup" time="0.0">
    <skipped/>
  </testcase> <!-- @BeforeMethod initsetup -->
  <testcase classname="testLayer.SigninTest" name="@AfterMethod close" time="0.0">
    <skipped/>
  </testcase> <!-- @AfterMethod close -->
  <testcase classname="testLayer.SigninTest" name="@BeforeMethod initsetup" time="0.0">
    <skipped/>
  </testcase> <!-- @BeforeMethod initsetup -->
  <testcase classname="testLayer.SigninTest" name="@AfterMethod close" time="0.0">
    <skipped/>
  </testcase> <!-- @AfterMethod close -->
  <testcase classname="testLayer.SigninTest" name="@BeforeMethod initsetup" time="0.0">
    <skipped/>
  </testcase> <!-- @BeforeMethod initsetup -->
  <testcase classname="testLayer.SigninTest" name="@AfterMethod close" time="0.0">
    <skipped/>
  </testcase> <!-- @AfterMethod close -->
  <testcase classname="testLayer.SigninTest" name="@BeforeMethod initsetup" time="0.0">
    <skipped/>
  </testcase> <!-- @BeforeMethod initsetup -->
  <testcase classname="testLayer.SigninTest" name="@AfterMethod close" time="0.0">
    <skipped/>
  </testcase> <!-- @AfterMethod close -->
  <testcase classname="testLayer.SigninTest" name="@BeforeMethod initsetup" time="0.0">
    <skipped/>
  </testcase> <!-- @BeforeMethod initsetup -->
  <testcase classname="testLayer.SigninTest" name="@AfterMethod close" time="0.0">
    <skipped/>
  </testcase> <!-- @AfterMethod close -->
  <testcase classname="testLayer.SigninTest" name="@BeforeMethod initsetup" time="0.0">
    <skipped/>
  </testcase> <!-- @BeforeMethod initsetup -->
  <testcase classname="testLayer.SigninTest" name="@AfterMethod close" time="0.0">
    <skipped/>
  </testcase> <!-- @AfterMethod close -->
  <testcase classname="testLayer.SigninTest" name="@BeforeMethod initsetup" time="0.0">
    <skipped/>
  </testcase> <!-- @BeforeMethod initsetup -->
  <testcase classname="testLayer.SigninTest" name="@AfterMethod close" time="0.0">
    <skipped/>
  </testcase> <!-- @AfterMethod close -->
  <testcase classname="testLayer.SigninTest" name="@BeforeMethod initsetup" time="0.0">
    <skipped/>
  </testcase> <!-- @BeforeMethod initsetup -->
  <testcase classname="testLayer.SigninTest" name="@AfterMethod close" time="0.0">
    <skipped/>
  </testcase> <!-- @AfterMethod close -->
  <testcase classname="testLayer.SigninTest" name="@BeforeMethod initsetup" time="0.0">
    <skipped/>
  </testcase> <!-- @BeforeMethod initsetup -->
  <testcase classname="testLayer.SigninTest" name="@AfterMethod close" time="0.0">
    <skipped/>
  </testcase> <!-- @AfterMethod close -->
  <testcase classname="testLayer.SigninTest" name="@BeforeMethod initsetup" time="0.0">
    <skipped/>
  </testcase> <!-- @BeforeMethod initsetup -->
  <testcase classname="testLayer.SigninTest" name="@AfterMethod close" time="0.0">
    <skipped/>
  </testcase> <!-- @AfterMethod close -->
  <testcase classname="testLayer.SigninTest" name="@BeforeMethod initsetup" time="0.0">
    <skipped/>
  </testcase> <!-- @BeforeMethod initsetup -->
  <testcase classname="testLayer.SigninTest" name="@AfterMethod close" time="0.0">
    <skipped/>
  </testcase> <!-- @AfterMethod close -->
  <testcase classname="testLayer.SigninTest" name="@BeforeMethod initsetup" time="0.0">
    <skipped/>
  </testcase> <!-- @BeforeMethod initsetup -->
  <testcase classname="testLayer.SigninTest" name="@AfterMethod close" time="0.0">
    <skipped/>
  </testcase> <!-- @AfterMethod close -->
  <testcase classname="testLayer.SigninTest" name="@BeforeMethod initsetup" time="0.0">
    <skipped/>
  </testcase> <!-- @BeforeMethod initsetup -->
  <testcase classname="testLayer.SigninTest" name="@AfterMethod close" time="0.0">
    <skipped/>
  </testcase> <!-- @AfterMethod close -->
  <testcase classname="testLayer.SigninTest" name="@BeforeMethod initsetup" time="0.0">
    <skipped/>
  </testcase> <!-- @BeforeMethod initsetup -->
  <testcase classname="testLayer.SigninTest" name="@AfterMethod close" time="0.0">
    <skipped/>
  </testcase> <!-- @AfterMethod close -->
  <testcase classname="testLayer.SigninTest" name="@BeforeMethod initsetup" time="0.0">
    <skipped/>
  </testcase> <!-- @BeforeMethod initsetup -->
  <testcase classname="testLayer.SigninTest" name="@AfterMethod close" time="0.0">
    <skipped/>
  </testcase> <!-- @AfterMethod close -->
  <testcase classname="testLayer.SigninTest" name="AddEmailOrMobile" time="4.218"/>
  <testcase classname="testLayer.SigninTest" name="Add_Address_Field" time="29.109">
    <failure type="org.openqa.selenium.WebDriverException" message="target frame detached
  (failed to check if window was closed: disconnected: not connected to DevTools)
  (Session info: chrome=115.0.5790.173)
Build info: version: &amp;apos;4.10.0&amp;apos;, revision: &amp;apos;c14d967899&amp;apos;
System info: os.name: &amp;apos;Windows 11&amp;apos;, os.arch: &amp;apos;amd64&amp;apos;, os.version: &amp;apos;10.0&amp;apos;, java.version: &amp;apos;20.0.1&amp;apos;
Driver info: org.openqa.selenium.chrome.ChromeDriver
Command: [56a3f595591debb89738cd7f366685a0, findElement {using=css selector, value=#ya-myab-address-add-link &amp;gt; div}]
Capabilities {acceptInsecureCerts: false, browserName: chrome, browserVersion: 115.0.5790.173, chrome: {chromedriverVersion: 114.0.5735.90 (386bc09e8f4f..., userDataDir: C:\Users\sagar\AppData\Loca...}, goog:chromeOptions: {debuggerAddress: localhost:65316}, networkConnectionEnabled: false, pageLoadStrategy: normal, platformName: windows, proxy: Proxy(), se:cdp: ws://localhost:65316/devtoo..., se:cdpVersion: 115.0.5790.173, setWindowRect: true, strictFileInteractability: false, timeouts: {implicit: 0, pageLoad: 300000, script: 30000}, unhandledPromptBehavior: dismiss and notify, webauthn:extension:credBlob: true, webauthn:extension:largeBlob: true, webauthn:extension:minPinLength: true, webauthn:extension:prf: true, webauthn:virtualAuthenticators: true}
Session ID: 56a3f595591debb89738cd7f366685a0">
      <![CDATA[org.openqa.selenium.WebDriverException: target frame detached
  (failed to check if window was closed: disconnected: not connected to DevTools)
  (Session info: chrome=115.0.5790.173)
Build info: version: '4.10.0', revision: 'c14d967899'
System info: os.name: 'Windows 11', os.arch: 'amd64', os.version: '10.0', java.version: '20.0.1'
Driver info: org.openqa.selenium.chrome.ChromeDriver
Command: [56a3f595591debb89738cd7f366685a0, findElement {using=css selector, value=#ya-myab-address-add-link > div}]
Capabilities {acceptInsecureCerts: false, browserName: chrome, browserVersion: 115.0.5790.173, chrome: {chromedriverVersion: 114.0.5735.90 (386bc09e8f4f..., userDataDir: C:\Users\sagar\AppData\Loca...}, goog:chromeOptions: {debuggerAddress: localhost:65316}, networkConnectionEnabled: false, pageLoadStrategy: normal, platformName: windows, proxy: Proxy(), se:cdp: ws://localhost:65316/devtoo..., se:cdpVersion: 115.0.5790.173, setWindowRect: true, strictFileInteractability: false, timeouts: {implicit: 0, pageLoad: 300000, script: 30000}, unhandledPromptBehavior: dismiss and notify, webauthn:extension:credBlob: true, webauthn:extension:largeBlob: true, webauthn:extension:minPinLength: true, webauthn:extension:prf: true, webauthn:virtualAuthenticators: true}
Session ID: 56a3f595591debb89738cd7f366685a0
at org.openqa.selenium.remote.codec.w3c.W3CHttpResponseCodec.createException(W3CHttpResponseCodec.java:199)
at org.openqa.selenium.remote.codec.w3c.W3CHttpResponseCodec.decode(W3CHttpResponseCodec.java:132)
at org.openqa.selenium.remote.codec.w3c.W3CHttpResponseCodec.decode(W3CHttpResponseCodec.java:51)
at org.openqa.selenium.remote.HttpCommandExecutor.execute(HttpCommandExecutor.java:191)
at org.openqa.selenium.remote.service.DriverCommandExecutor.invokeExecute(DriverCommandExecutor.java:196)
at org.openqa.selenium.remote.service.DriverCommandExecutor.execute(DriverCommandExecutor.java:171)
at org.openqa.selenium.remote.RemoteWebDriver.execute(RemoteWebDriver.java:531)
at org.openqa.selenium.remote.ElementLocation$ElementFinder$2.findElement(ElementLocation.java:165)
at org.openqa.selenium.remote.ElementLocation.findElement(ElementLocation.java:59)
at org.openqa.selenium.remote.RemoteWebDriver.findElement(RemoteWebDriver.java:350)
at org.openqa.selenium.remote.RemoteWebDriver.findElement(RemoteWebDriver.java:344)
at org.openqa.selenium.support.pagefactory.DefaultElementLocator.findElement(DefaultElementLocator.java:68)
at org.openqa.selenium.support.pagefactory.internal.LocatingElementHandler.invoke(LocatingElementHandler.java:38)
at jdk.proxy2/jdk.proxy2.$Proxy16.click(Unknown Source)
at pompackage.PomYourAddressPage.ClickAddAddressBtn(PomYourAddressPage.java:31)
at testLayer.SigninTest.Add_Address_Field(SigninTest.java:263)
at java.base/java.util.ArrayList.forEach(ArrayList.java:1511)
... Removed 28 stack frames]]>
    </failure>
  </testcase> <!-- Add_Address_Field -->
  <testcase classname="testLayer.SigninTest" name="Add_Credit_Or_Debit_Card" time="0.0">
    <skipped/>
  </testcase> <!-- Add_Credit_Or_Debit_Card -->
  <testcase classname="testLayer.SigninTest" name="Add_Empty_EmailOrMobile" time="0.0">
    <skipped/>
  </testcase> <!-- Add_Empty_EmailOrMobile -->
  <testcase classname="testLayer.SigninTest" name="Add_Empty_Password" time="0.0">
    <skipped/>
  </testcase> <!-- Add_Empty_Password -->
  <testcase classname="testLayer.SigninTest" name="Buy_Order_Field" time="0.0">
    <skipped/>
  </testcase> <!-- Buy_Order_Field -->
  <testcase classname="testLayer.SigninTest" name="Cancelled_Order_Field" time="0.0">
    <skipped/>
  </testcase> <!-- Cancelled_Order_Field -->
  <testcase classname="testLayer.SigninTest" name="Check_Product_Company_Name" time="0.0">
    <skipped/>
  </testcase> <!-- Check_Product_Company_Name -->
  <testcase classname="testLayer.SigninTest" name="Check_Product_Price" time="0.0">
    <skipped/>
  </testcase> <!-- Check_Product_Price -->
  <testcase classname="testLayer.SigninTest" name="Check_Product_Rating" time="0.0">
    <skipped/>
  </testcase> <!-- Check_Product_Rating -->
  <testcase classname="testLayer.SigninTest" name="Click_Add_A_Payment_Method" time="0.0">
    <skipped/>
  </testcase> <!-- Click_Add_A_Payment_Method -->
  <testcase classname="testLayer.SigninTest" name="Click_Country_Region_Field" time="0.0">
    <skipped/>
  </testcase> <!-- Click_Country_Region_Field -->
  <testcase classname="testLayer.SigninTest" name="Click_Your_Payment" time="0.0">
    <skipped/>
  </testcase> <!-- Click_Your_Payment -->
  <testcase classname="testLayer.SigninTest" name="Dropdown_Your_Order_History" time="0.0">
    <skipped/>
  </testcase> <!-- Dropdown_Your_Order_History -->
  <testcase classname="testLayer.SigninTest" name="Invalid_EmailAddress_EmailOrMobileField" time="0.0">
    <skipped/>
  </testcase> <!-- Invalid_EmailAddress_EmailOrMobileField -->
  <testcase classname="testLayer.SigninTest" name="Invalid_Mobilenumber_EmailOrMobileField" time="0.0">
    <skipped/>
  </testcase> <!-- Invalid_Mobilenumber_EmailOrMobileField -->
  <testcase classname="testLayer.SigninTest" name="Invalid_Password" time="0.0">
    <skipped/>
  </testcase> <!-- Invalid_Password -->
  <testcase classname="testLayer.SigninTest" name="Mouse_hover" time="0.0">
    <skipped/>
  </testcase> <!-- Mouse_hover -->
  <testcase classname="testLayer.SigninTest" name="Not_Yet_Shipped_Field" time="0.0">
    <skipped/>
  </testcase> <!-- Not_Yet_Shipped_Field -->
  <testcase classname="testLayer.SigninTest" name="Partial_Product_Search_1Char_Suggestion" time="0.0">
    <skipped/>
  </testcase> <!-- Partial_Product_Search_1Char_Suggestion -->
  <testcase classname="testLayer.SigninTest" name="Partial_Product_Search_3Char_Suggestion" time="0.0">
    <skipped/>
  </testcase> <!-- Partial_Product_Search_3Char_Suggestion -->
  <testcase classname="testLayer.SigninTest" name="Partial_Product_Search_String_Suggestion" time="0.0">
    <skipped/>
  </testcase> <!-- Partial_Product_Search_String_Suggestion -->
  <testcase classname="testLayer.SigninTest" name="Search_Btn" time="0.0">
    <skipped/>
  </testcase> <!-- Search_Btn -->
  <testcase classname="testLayer.SigninTest" name="Search_product" time="0.0">
    <skipped/>
  </testcase> <!-- Search_product -->
  <testcase classname="testLayer.SigninTest" name="Select_Brand_Checkbox" time="0.0">
    <skipped/>
  </testcase> <!-- Select_Brand_Checkbox -->
  <testcase classname="testLayer.SigninTest" name="Select_Out_Of_Stock_Product_Checkbox" time="0.0">
    <skipped/>
  </testcase> <!-- Select_Out_Of_Stock_Product_Checkbox -->
  <testcase classname="testLayer.SigninTest" name="Select_Rating" time="0.0">
    <skipped/>
  </testcase> <!-- Select_Rating -->
  <testcase classname="testLayer.SigninTest" name="Title" time="0.0">
    <skipped/>
  </testcase> <!-- Title -->
  <testcase classname="testLayer.SigninTest" name="Verify_Hello_Username" time="0.0">
    <skipped/>
  </testcase> <!-- Verify_Hello_Username -->
  <testcase classname="testLayer.SigninTest" name="Your_Address_Field" time="0.0">
    <skipped/>
  </testcase> <!-- Your_Address_Field -->
  <testcase classname="testLayer.SigninTest" name="valid_Add_Address_Info" time="0.0">
    <skipped/>
  </testcase> <!-- valid_Add_Address_Info -->
</testsuite> <!-- TestNG -->
