<?xml version="1.0" encoding="UTF-8"?>
<testng-results ignored="0" total="32" passed="27" failed="5" skipped="0">
  <reporter-output>
  </reporter-output>
  <suite started-at="2023-09-01T15:02:00 EDT" name="Default suite" finished-at="2023-09-01T15:09:21 EDT" duration-ms="440961">
    <groups>
    </groups>
    <test started-at="2023-09-01T15:02:00 EDT" name="Default test" finished-at="2023-09-01T15:09:21 EDT" duration-ms="440961">
      <class name="testLayer.AmazonTest">
        <test-method is-config="true" signature="initsetup()[pri:0, instance:testLayer.AmazonTest@3e8c3cb]" started-at="2023-09-01T15:02:00 EDT" name="initsetup" finished-at="2023-09-01T15:02:02 EDT" duration-ms="1739" status="PASS">
          <reporter-output>
          </reporter-output>
        </test-method> <!-- initsetup -->
        <test-method signature="Add_Address_Field()[pri:0, instance:testLayer.AmazonTest@3e8c3cb]" started-at="2023-09-01T15:02:02 EDT" name="Add_Address_Field" finished-at="2023-09-01T15:02:13 EDT" duration-ms="10999" status="FAIL">
          <exception class="org.openqa.selenium.ElementNotInteractableException">
            <message>
              <![CDATA[element not interactable
  (Session info: chrome=116.0.5845.141)
Build info: version: '4.10.0', revision: 'c14d967899'
System info: os.name: 'Windows 11', os.arch: 'amd64', os.version: '10.0', java.version: '20.0.1'
Driver info: org.openqa.selenium.chrome.ChromeDriver
Command: [a39a5f8691744ad2cf8d9fb7d88423bd, clickElement {id=CC13EB6C47EC466A70B488379D40F599_element_51}]
Capabilities {acceptInsecureCerts: false, browserName: chrome, browserVersion: 116.0.5845.141, chrome: {chromedriverVersion: 116.0.5845.96 (1a3918166880..., userDataDir: C:\Users\sagar\AppData\Loca...}, fedcm:accounts: true, goog:chromeOptions: {debuggerAddress: localhost:52246}, networkConnectionEnabled: false, pageLoadStrategy: normal, platformName: windows, proxy: Proxy(), se:cdp: ws://localhost:52246/devtoo..., se:cdpVersion: 116.0.5845.141, setWindowRect: true, strictFileInteractability: false, timeouts: {implicit: 0, pageLoad: 300000, script: 30000}, unhandledPromptBehavior: dismiss and notify, webauthn:extension:credBlob: true, webauthn:extension:largeBlob: true, webauthn:extension:minPinLength: true, webauthn:extension:prf: true, webauthn:virtualAuthenticators: true}
Element: [[ChromeDriver: chrome on windows (a39a5f8691744ad2cf8d9fb7d88423bd)] -> xpath: //*[@id="nav-al-your-account"]/a[1]]
Session ID: a39a5f8691744ad2cf8d9fb7d88423bd]]>
            </message>
            <full-stacktrace>
              <![CDATA[org.openqa.selenium.ElementNotInteractableException: element not interactable
  (Session info: chrome=116.0.5845.141)
Build info: version: '4.10.0', revision: 'c14d967899'
System info: os.name: 'Windows 11', os.arch: 'amd64', os.version: '10.0', java.version: '20.0.1'
Driver info: org.openqa.selenium.chrome.ChromeDriver
Command: [a39a5f8691744ad2cf8d9fb7d88423bd, clickElement {id=CC13EB6C47EC466A70B488379D40F599_element_51}]
Capabilities {acceptInsecureCerts: false, browserName: chrome, browserVersion: 116.0.5845.141, chrome: {chromedriverVersion: 116.0.5845.96 (1a3918166880..., userDataDir: C:\Users\sagar\AppData\Loca...}, fedcm:accounts: true, goog:chromeOptions: {debuggerAddress: localhost:52246}, networkConnectionEnabled: false, pageLoadStrategy: normal, platformName: windows, proxy: Proxy(), se:cdp: ws://localhost:52246/devtoo..., se:cdpVersion: 116.0.5845.141, setWindowRect: true, strictFileInteractability: false, timeouts: {implicit: 0, pageLoad: 300000, script: 30000}, unhandledPromptBehavior: dismiss and notify, webauthn:extension:credBlob: true, webauthn:extension:largeBlob: true, webauthn:extension:minPinLength: true, webauthn:extension:prf: true, webauthn:virtualAuthenticators: true}
Element: [[ChromeDriver: chrome on windows (a39a5f8691744ad2cf8d9fb7d88423bd)] -> xpath: //*[@id="nav-al-your-account"]/a[1]]
Session ID: a39a5f8691744ad2cf8d9fb7d88423bd
at java.base/jdk.internal.reflect.DirectConstructorHandleAccessor.newInstance(DirectConstructorHandleAccessor.java:67)
at java.base/java.lang.reflect.Constructor.newInstanceWithCaller(Constructor.java:500)
at java.base/java.lang.reflect.Constructor.newInstance(Constructor.java:484)
at org.openqa.selenium.remote.codec.w3c.W3CHttpResponseCodec.createException(W3CHttpResponseCodec.java:199)
at org.openqa.selenium.remote.codec.w3c.W3CHttpResponseCodec.decode(W3CHttpResponseCodec.java:132)
at org.openqa.selenium.remote.codec.w3c.W3CHttpResponseCodec.decode(W3CHttpResponseCodec.java:51)
at org.openqa.selenium.remote.HttpCommandExecutor.execute(HttpCommandExecutor.java:191)
at org.openqa.selenium.remote.service.DriverCommandExecutor.invokeExecute(DriverCommandExecutor.java:196)
at org.openqa.selenium.remote.service.DriverCommandExecutor.execute(DriverCommandExecutor.java:171)
at org.openqa.selenium.remote.RemoteWebDriver.execute(RemoteWebDriver.java:531)
at org.openqa.selenium.remote.RemoteWebElement.execute(RemoteWebElement.java:242)
at org.openqa.selenium.remote.RemoteWebElement.click(RemoteWebElement.java:77)
at java.base/jdk.internal.reflect.DirectMethodHandleAccessor.invoke(DirectMethodHandleAccessor.java:104)
at java.base/java.lang.reflect.Method.invoke(Method.java:578)
at org.openqa.selenium.support.pagefactory.internal.LocatingElementHandler.invoke(LocatingElementHandler.java:51)
at jdk.proxy2/jdk.proxy2.$Proxy16.click(Unknown Source)
at pompackage.PomHomePage.MousehoverclickOnYourAddress(PomHomePage.java:61)
at testLayer.AmazonTest.Your_Address_Field(AmazonTest.java:263)
at testLayer.AmazonTest.Add_Address_Field(AmazonTest.java:273)
at java.base/jdk.internal.reflect.DirectMethodHandleAccessor.invoke(DirectMethodHandleAccessor.java:104)
at java.base/java.lang.reflect.Method.invoke(Method.java:578)
at org.testng.internal.invokers.MethodInvocationHelper.invokeMethod(MethodInvocationHelper.java:139)
at org.testng.internal.invokers.TestInvoker.invokeMethod(TestInvoker.java:677)
at org.testng.internal.invokers.TestInvoker.invokeTestMethod(TestInvoker.java:221)
at org.testng.internal.invokers.MethodRunner.runInSequence(MethodRunner.java:50)
at org.testng.internal.invokers.TestInvoker$MethodInvocationAgent.invoke(TestInvoker.java:969)
at org.testng.internal.invokers.TestInvoker.invokeTestMethods(TestInvoker.java:194)
at org.testng.internal.invokers.TestMethodWorker.invokeTestMethods(TestMethodWorker.java:148)
at org.testng.internal.invokers.TestMethodWorker.run(TestMethodWorker.java:128)
at java.base/java.util.ArrayList.forEach(ArrayList.java:1511)
at org.testng.TestRunner.privateRun(TestRunner.java:829)
at org.testng.TestRunner.run(TestRunner.java:602)
at org.testng.SuiteRunner.runTest(SuiteRunner.java:437)
at org.testng.SuiteRunner.runSequentially(SuiteRunner.java:431)
at org.testng.SuiteRunner.privateRun(SuiteRunner.java:391)
at org.testng.SuiteRunner.run(SuiteRunner.java:330)
at org.testng.SuiteRunnerWorker.runSuite(SuiteRunnerWorker.java:52)
at org.testng.SuiteRunnerWorker.run(SuiteRunnerWorker.java:95)
at org.testng.TestNG.runSuitesSequentially(TestNG.java:1256)
at org.testng.TestNG.runSuitesLocally(TestNG.java:1176)
at org.testng.TestNG.runSuites(TestNG.java:1099)
at org.testng.TestNG.run(TestNG.java:1067)
at org.testng.remote.AbstractRemoteTestNG.run(AbstractRemoteTestNG.java:115)
at org.testng.remote.RemoteTestNG.initAndRun(RemoteTestNG.java:251)
at org.testng.remote.RemoteTestNG.main(RemoteTestNG.java:77)
]]>
            </full-stacktrace>
          </exception> <!-- org.openqa.selenium.ElementNotInteractableException -->
          <reporter-output>
          </reporter-output>
        </test-method> <!-- Add_Address_Field -->
        <test-method is-config="true" signature="close()[pri:0, instance:testLayer.AmazonTest@3e8c3cb]" started-at="2023-09-01T15:02:13 EDT" name="close" finished-at="2023-09-01T15:02:18 EDT" duration-ms="5151" status="PASS">
          <reporter-output>
          </reporter-output>
        </test-method> <!-- close -->
        <test-method is-config="true" signature="initsetup()[pri:0, instance:testLayer.AmazonTest@3e8c3cb]" started-at="2023-09-01T15:02:18 EDT" name="initsetup" finished-at="2023-09-01T15:02:19 EDT" duration-ms="677" status="PASS">
          <reporter-output>
          </reporter-output>
        </test-method> <!-- initsetup -->
        <test-method signature="Add_Credit_Or_Debit_Card()[pri:0, instance:testLayer.AmazonTest@3e8c3cb]" started-at="2023-09-01T15:02:19 EDT" name="Add_Credit_Or_Debit_Card" finished-at="2023-09-01T15:02:25 EDT" duration-ms="6553" status="PASS">
          <reporter-output>
          </reporter-output>
        </test-method> <!-- Add_Credit_Or_Debit_Card -->
        <test-method is-config="true" signature="close()[pri:0, instance:testLayer.AmazonTest@3e8c3cb]" started-at="2023-09-01T15:02:25 EDT" name="close" finished-at="2023-09-01T15:02:31 EDT" duration-ms="5122" status="PASS">
          <reporter-output>
          </reporter-output>
        </test-method> <!-- close -->
        <test-method is-config="true" signature="initsetup()[pri:0, instance:testLayer.AmazonTest@3e8c3cb]" started-at="2023-09-01T15:02:31 EDT" name="initsetup" finished-at="2023-09-01T15:02:31 EDT" duration-ms="607" status="PASS">
          <reporter-output>
          </reporter-output>
        </test-method> <!-- initsetup -->
        <test-method signature="Add_Empty_Email_Or_Mobile()[pri:0, instance:testLayer.AmazonTest@3e8c3cb]" started-at="2023-09-01T15:02:31 EDT" name="Add_Empty_Email_Or_Mobile" finished-at="2023-09-01T15:02:32 EDT" duration-ms="544" status="PASS">
          <reporter-output>
          </reporter-output>
        </test-method> <!-- Add_Empty_Email_Or_Mobile -->
        <test-method is-config="true" signature="close()[pri:0, instance:testLayer.AmazonTest@3e8c3cb]" started-at="2023-09-01T15:02:32 EDT" name="close" finished-at="2023-09-01T15:02:37 EDT" duration-ms="5103" status="PASS">
          <reporter-output>
          </reporter-output>
        </test-method> <!-- close -->
        <test-method is-config="true" signature="initsetup()[pri:0, instance:testLayer.AmazonTest@3e8c3cb]" started-at="2023-09-01T15:02:37 EDT" name="initsetup" finished-at="2023-09-01T15:02:37 EDT" duration-ms="616" status="PASS">
          <reporter-output>
          </reporter-output>
        </test-method> <!-- initsetup -->
        <test-method signature="Add_Empty_Password()[pri:0, instance:testLayer.AmazonTest@3e8c3cb]" started-at="2023-09-01T15:02:37 EDT" name="Add_Empty_Password" finished-at="2023-09-01T15:02:39 EDT" duration-ms="1328" status="PASS">
          <reporter-output>
          </reporter-output>
        </test-method> <!-- Add_Empty_Password -->
        <test-method is-config="true" signature="close()[pri:0, instance:testLayer.AmazonTest@3e8c3cb]" started-at="2023-09-01T15:02:39 EDT" name="close" finished-at="2023-09-01T15:02:44 EDT" duration-ms="5108" status="PASS">
          <reporter-output>
          </reporter-output>
        </test-method> <!-- close -->
        <test-method is-config="true" signature="initsetup()[pri:0, instance:testLayer.AmazonTest@3e8c3cb]" started-at="2023-09-01T15:02:44 EDT" name="initsetup" finished-at="2023-09-01T15:02:44 EDT" duration-ms="563" status="PASS">
          <reporter-output>
          </reporter-output>
        </test-method> <!-- initsetup -->
        <test-method signature="Buy_Order_Field()[pri:0, instance:testLayer.AmazonTest@3e8c3cb]" started-at="2023-09-01T15:02:44 EDT" name="Buy_Order_Field" finished-at="2023-09-01T15:02:51 EDT" duration-ms="6475" status="PASS">
          <reporter-output>
          </reporter-output>
        </test-method> <!-- Buy_Order_Field -->
        <test-method is-config="true" signature="close()[pri:0, instance:testLayer.AmazonTest@3e8c3cb]" started-at="2023-09-01T15:02:51 EDT" name="close" finished-at="2023-09-01T15:02:56 EDT" duration-ms="5101" status="PASS">
          <reporter-output>
          </reporter-output>
        </test-method> <!-- close -->
        <test-method is-config="true" signature="initsetup()[pri:0, instance:testLayer.AmazonTest@3e8c3cb]" started-at="2023-09-01T15:02:56 EDT" name="initsetup" finished-at="2023-09-01T15:02:57 EDT" duration-ms="547" status="PASS">
          <reporter-output>
          </reporter-output>
        </test-method> <!-- initsetup -->
        <test-method signature="Cancelled_Order_Field()[pri:0, instance:testLayer.AmazonTest@3e8c3cb]" started-at="2023-09-01T15:02:57 EDT" name="Cancelled_Order_Field" finished-at="2023-09-01T15:03:03 EDT" duration-ms="6068" status="PASS">
          <reporter-output>
          </reporter-output>
        </test-method> <!-- Cancelled_Order_Field -->
        <test-method is-config="true" signature="close()[pri:0, instance:testLayer.AmazonTest@3e8c3cb]" started-at="2023-09-01T15:03:03 EDT" name="close" finished-at="2023-09-01T15:03:08 EDT" duration-ms="5124" status="PASS">
          <reporter-output>
          </reporter-output>
        </test-method> <!-- close -->
        <test-method is-config="true" signature="initsetup()[pri:0, instance:testLayer.AmazonTest@3e8c3cb]" started-at="2023-09-01T15:03:08 EDT" name="initsetup" finished-at="2023-09-01T15:03:08 EDT" duration-ms="628" status="PASS">
          <reporter-output>
          </reporter-output>
        </test-method> <!-- initsetup -->
        <test-method signature="Check_Pagination()[pri:0, instance:testLayer.AmazonTest@3e8c3cb]" started-at="2023-09-01T15:03:08 EDT" name="Check_Pagination" finished-at="2023-09-01T15:03:12 EDT" duration-ms="3846" status="PASS">
          <reporter-output>
          </reporter-output>
        </test-method> <!-- Check_Pagination -->
        <test-method is-config="true" signature="close()[pri:0, instance:testLayer.AmazonTest@3e8c3cb]" started-at="2023-09-01T15:03:12 EDT" name="close" finished-at="2023-09-01T15:03:17 EDT" duration-ms="5136" status="PASS">
          <reporter-output>
          </reporter-output>
        </test-method> <!-- close -->
        <test-method is-config="true" signature="initsetup()[pri:0, instance:testLayer.AmazonTest@3e8c3cb]" started-at="2023-09-01T15:03:17 EDT" name="initsetup" finished-at="2023-09-01T15:03:18 EDT" duration-ms="612" status="PASS">
          <reporter-output>
          </reporter-output>
        </test-method> <!-- initsetup -->
        <test-method signature="Check_Product_Company_Name()[pri:0, instance:testLayer.AmazonTest@3e8c3cb]" started-at="2023-09-01T15:03:18 EDT" name="Check_Product_Company_Name" finished-at="2023-09-01T15:03:27 EDT" duration-ms="8944" status="PASS">
          <reporter-output>
          </reporter-output>
        </test-method> <!-- Check_Product_Company_Name -->
        <test-method is-config="true" signature="close()[pri:0, instance:testLayer.AmazonTest@3e8c3cb]" started-at="2023-09-01T15:03:27 EDT" name="close" finished-at="2023-09-01T15:03:32 EDT" duration-ms="5117" status="PASS">
          <reporter-output>
          </reporter-output>
        </test-method> <!-- close -->
        <test-method is-config="true" signature="initsetup()[pri:0, instance:testLayer.AmazonTest@3e8c3cb]" started-at="2023-09-01T15:03:32 EDT" name="initsetup" finished-at="2023-09-01T15:03:33 EDT" duration-ms="547" status="PASS">
          <reporter-output>
          </reporter-output>
        </test-method> <!-- initsetup -->
        <test-method signature="Check_Product_Price()[pri:0, instance:testLayer.AmazonTest@3e8c3cb]" started-at="2023-09-01T15:03:33 EDT" name="Check_Product_Price" finished-at="2023-09-01T15:03:36 EDT" duration-ms="3100" status="PASS">
          <reporter-output>
          </reporter-output>
        </test-method> <!-- Check_Product_Price -->
        <test-method is-config="true" signature="close()[pri:0, instance:testLayer.AmazonTest@3e8c3cb]" started-at="2023-09-01T15:03:36 EDT" name="close" finished-at="2023-09-01T15:03:41 EDT" duration-ms="5141" status="PASS">
          <reporter-output>
          </reporter-output>
        </test-method> <!-- close -->
        <test-method is-config="true" signature="initsetup()[pri:0, instance:testLayer.AmazonTest@3e8c3cb]" started-at="2023-09-01T15:03:41 EDT" name="initsetup" finished-at="2023-09-01T15:03:41 EDT" duration-ms="642" status="PASS">
          <reporter-output>
          </reporter-output>
        </test-method> <!-- initsetup -->
        <test-method signature="Check_Product_Rating()[pri:0, instance:testLayer.AmazonTest@3e8c3cb]" started-at="2023-09-01T15:03:41 EDT" name="Check_Product_Rating" finished-at="2023-09-01T15:04:01 EDT" duration-ms="19901" status="FAIL">
          <exception class="org.openqa.selenium.NoSuchElementException">
            <message>
              <![CDATA[no such element: Unable to locate element: {"method":"css selector","selector":".puis\-normal\-weight\-text"}
  (Session info: chrome=116.0.5845.141)
For documentation on this error, please visit: https://www.selenium.dev/documentation/webdriver/troubleshooting/errors#no-such-element-exception
Build info: version: '4.10.0', revision: 'c14d967899'
System info: os.name: 'Windows 11', os.arch: 'amd64', os.version: '10.0', java.version: '20.0.1'
Driver info: org.openqa.selenium.chrome.ChromeDriver
Command: [c6d3b95e306c5eef3160e053399983e5, findElement {using=class name, value=puis-normal-weight-text}]
Capabilities {acceptInsecureCerts: false, browserName: chrome, browserVersion: 116.0.5845.141, chrome: {chromedriverVersion: 116.0.5845.96 (1a3918166880..., userDataDir: C:\Users\sagar\AppData\Loca...}, fedcm:accounts: true, goog:chromeOptions: {debuggerAddress: localhost:53283}, networkConnectionEnabled: false, pageLoadStrategy: normal, platformName: windows, proxy: Proxy(), se:cdp: ws://localhost:53283/devtoo..., se:cdpVersion: 116.0.5845.141, setWindowRect: true, strictFileInteractability: false, timeouts: {implicit: 0, pageLoad: 300000, script: 30000}, unhandledPromptBehavior: dismiss and notify, webauthn:extension:credBlob: true, webauthn:extension:largeBlob: true, webauthn:extension:minPinLength: true, webauthn:extension:prf: true, webauthn:virtualAuthenticators: true}
Session ID: c6d3b95e306c5eef3160e053399983e5]]>
            </message>
            <full-stacktrace>
              <![CDATA[org.openqa.selenium.NoSuchElementException: no such element: Unable to locate element: {"method":"css selector","selector":".puis\-normal\-weight\-text"}
  (Session info: chrome=116.0.5845.141)
For documentation on this error, please visit: https://www.selenium.dev/documentation/webdriver/troubleshooting/errors#no-such-element-exception
Build info: version: '4.10.0', revision: 'c14d967899'
System info: os.name: 'Windows 11', os.arch: 'amd64', os.version: '10.0', java.version: '20.0.1'
Driver info: org.openqa.selenium.chrome.ChromeDriver
Command: [c6d3b95e306c5eef3160e053399983e5, findElement {using=class name, value=puis-normal-weight-text}]
Capabilities {acceptInsecureCerts: false, browserName: chrome, browserVersion: 116.0.5845.141, chrome: {chromedriverVersion: 116.0.5845.96 (1a3918166880..., userDataDir: C:\Users\sagar\AppData\Loca...}, fedcm:accounts: true, goog:chromeOptions: {debuggerAddress: localhost:53283}, networkConnectionEnabled: false, pageLoadStrategy: normal, platformName: windows, proxy: Proxy(), se:cdp: ws://localhost:53283/devtoo..., se:cdpVersion: 116.0.5845.141, setWindowRect: true, strictFileInteractability: false, timeouts: {implicit: 0, pageLoad: 300000, script: 30000}, unhandledPromptBehavior: dismiss and notify, webauthn:extension:credBlob: true, webauthn:extension:largeBlob: true, webauthn:extension:minPinLength: true, webauthn:extension:prf: true, webauthn:virtualAuthenticators: true}
Session ID: c6d3b95e306c5eef3160e053399983e5
at java.base/jdk.internal.reflect.DirectConstructorHandleAccessor.newInstance(DirectConstructorHandleAccessor.java:67)
at java.base/java.lang.reflect.Constructor.newInstanceWithCaller(Constructor.java:500)
at java.base/java.lang.reflect.Constructor.newInstance(Constructor.java:484)
at org.openqa.selenium.remote.codec.w3c.W3CHttpResponseCodec.createException(W3CHttpResponseCodec.java:199)
at org.openqa.selenium.remote.codec.w3c.W3CHttpResponseCodec.decode(W3CHttpResponseCodec.java:132)
at org.openqa.selenium.remote.codec.w3c.W3CHttpResponseCodec.decode(W3CHttpResponseCodec.java:51)
at org.openqa.selenium.remote.HttpCommandExecutor.execute(HttpCommandExecutor.java:191)
at org.openqa.selenium.remote.service.DriverCommandExecutor.invokeExecute(DriverCommandExecutor.java:196)
at org.openqa.selenium.remote.service.DriverCommandExecutor.execute(DriverCommandExecutor.java:171)
at org.openqa.selenium.remote.RemoteWebDriver.execute(RemoteWebDriver.java:531)
at org.openqa.selenium.remote.ElementLocation$ElementFinder$2.findElement(ElementLocation.java:165)
at org.openqa.selenium.remote.ElementLocation.findElement(ElementLocation.java:66)
at org.openqa.selenium.remote.RemoteWebDriver.findElement(RemoteWebDriver.java:350)
at org.openqa.selenium.remote.RemoteWebDriver.findElement(RemoteWebDriver.java:344)
at org.openqa.selenium.support.pagefactory.DefaultElementLocator.findElement(DefaultElementLocator.java:68)
at org.openqa.selenium.support.pagefactory.internal.LocatingElementHandler.invoke(LocatingElementHandler.java:38)
at jdk.proxy2/jdk.proxy2.$Proxy16.getText(Unknown Source)
at pompackage.PomSRPPage.ProductRating(PomSRPPage.java:55)
at testLayer.AmazonTest.Check_Product_Rating(AmazonTest.java:357)
at java.base/jdk.internal.reflect.DirectMethodHandleAccessor.invoke(DirectMethodHandleAccessor.java:104)
at java.base/java.lang.reflect.Method.invoke(Method.java:578)
at org.testng.internal.invokers.MethodInvocationHelper.invokeMethod(MethodInvocationHelper.java:139)
at org.testng.internal.invokers.TestInvoker.invokeMethod(TestInvoker.java:677)
at org.testng.internal.invokers.TestInvoker.invokeTestMethod(TestInvoker.java:221)
at org.testng.internal.invokers.MethodRunner.runInSequence(MethodRunner.java:50)
at org.testng.internal.invokers.TestInvoker$MethodInvocationAgent.invoke(TestInvoker.java:969)
at org.testng.internal.invokers.TestInvoker.invokeTestMethods(TestInvoker.java:194)
at org.testng.internal.invokers.TestMethodWorker.invokeTestMethods(TestMethodWorker.java:148)
at org.testng.internal.invokers.TestMethodWorker.run(TestMethodWorker.java:128)
at java.base/java.util.ArrayList.forEach(ArrayList.java:1511)
at org.testng.TestRunner.privateRun(TestRunner.java:829)
at org.testng.TestRunner.run(TestRunner.java:602)
at org.testng.SuiteRunner.runTest(SuiteRunner.java:437)
at org.testng.SuiteRunner.runSequentially(SuiteRunner.java:431)
at org.testng.SuiteRunner.privateRun(SuiteRunner.java:391)
at org.testng.SuiteRunner.run(SuiteRunner.java:330)
at org.testng.SuiteRunnerWorker.runSuite(SuiteRunnerWorker.java:52)
at org.testng.SuiteRunnerWorker.run(SuiteRunnerWorker.java:95)
at org.testng.TestNG.runSuitesSequentially(TestNG.java:1256)
at org.testng.TestNG.runSuitesLocally(TestNG.java:1176)
at org.testng.TestNG.runSuites(TestNG.java:1099)
at org.testng.TestNG.run(TestNG.java:1067)
at org.testng.remote.AbstractRemoteTestNG.run(AbstractRemoteTestNG.java:115)
at org.testng.remote.RemoteTestNG.initAndRun(RemoteTestNG.java:251)
at org.testng.remote.RemoteTestNG.main(RemoteTestNG.java:77)
]]>
            </full-stacktrace>
          </exception> <!-- org.openqa.selenium.NoSuchElementException -->
          <reporter-output>
          </reporter-output>
        </test-method> <!-- Check_Product_Rating -->
        <test-method is-config="true" signature="close()[pri:0, instance:testLayer.AmazonTest@3e8c3cb]" started-at="2023-09-01T15:04:01 EDT" name="close" finished-at="2023-09-01T15:04:06 EDT" duration-ms="5129" status="PASS">
          <reporter-output>
          </reporter-output>
        </test-method> <!-- close -->
        <test-method is-config="true" signature="initsetup()[pri:0, instance:testLayer.AmazonTest@3e8c3cb]" started-at="2023-09-01T15:04:06 EDT" name="initsetup" finished-at="2023-09-01T15:04:07 EDT" duration-ms="541" status="PASS">
          <reporter-output>
          </reporter-output>
        </test-method> <!-- initsetup -->
        <test-method signature="Click_Add_A_Payment_Method()[pri:0, instance:testLayer.AmazonTest@3e8c3cb]" started-at="2023-09-01T15:04:07 EDT" name="Click_Add_A_Payment_Method" finished-at="2023-09-01T15:04:13 EDT" duration-ms="6223" status="PASS">
          <reporter-output>
          </reporter-output>
        </test-method> <!-- Click_Add_A_Payment_Method -->
        <test-method is-config="true" signature="close()[pri:0, instance:testLayer.AmazonTest@3e8c3cb]" started-at="2023-09-01T15:04:13 EDT" name="close" finished-at="2023-09-01T15:04:18 EDT" duration-ms="5121" status="PASS">
          <reporter-output>
          </reporter-output>
        </test-method> <!-- close -->
        <test-method is-config="true" signature="initsetup()[pri:0, instance:testLayer.AmazonTest@3e8c3cb]" started-at="2023-09-01T15:04:18 EDT" name="initsetup" finished-at="2023-09-01T15:04:19 EDT" duration-ms="645" status="PASS">
          <reporter-output>
          </reporter-output>
        </test-method> <!-- initsetup -->
        <test-method signature="Click_Country_Region_Field()[pri:0, instance:testLayer.AmazonTest@3e8c3cb]" started-at="2023-09-01T15:04:19 EDT" name="Click_Country_Region_Field" finished-at="2023-09-01T15:04:46 EDT" duration-ms="26622" status="FAIL">
          <exception class="org.openqa.selenium.TimeoutException">
            <message>
              <![CDATA[Expected condition failed: waiting for visibility of Proxy element for: DefaultElementLocator 'By.xpath: //*[@id="address-ui-widgets-countryCode-dropdown-nativeId"]' (tried for 10 second(s) with 500 milliseconds interval)]]>
            </message>
            <full-stacktrace>
              <![CDATA[org.openqa.selenium.TimeoutException: Expected condition failed: waiting for visibility of Proxy element for: DefaultElementLocator 'By.xpath: //*[@id="address-ui-widgets-countryCode-dropdown-nativeId"]' (tried for 10 second(s) with 500 milliseconds interval)
at org.openqa.selenium.support.ui.WebDriverWait.timeoutException(WebDriverWait.java:84)
at org.openqa.selenium.support.ui.FluentWait.until(FluentWait.java:230)
at basePackage.BaseAmazonClass.wait_until(BaseAmazonClass.java:58)
at pompackage.PomYourAddressPage.ClickCountryRegionField(PomYourAddressPage.java:49)
at testLayer.AmazonTest.Click_Country_Region_Field(AmazonTest.java:281)
at java.base/jdk.internal.reflect.DirectMethodHandleAccessor.invoke(DirectMethodHandleAccessor.java:104)
at java.base/java.lang.reflect.Method.invoke(Method.java:578)
at org.testng.internal.invokers.MethodInvocationHelper.invokeMethod(MethodInvocationHelper.java:139)
at org.testng.internal.invokers.TestInvoker.invokeMethod(TestInvoker.java:677)
at org.testng.internal.invokers.TestInvoker.invokeTestMethod(TestInvoker.java:221)
at org.testng.internal.invokers.MethodRunner.runInSequence(MethodRunner.java:50)
at org.testng.internal.invokers.TestInvoker$MethodInvocationAgent.invoke(TestInvoker.java:969)
at org.testng.internal.invokers.TestInvoker.invokeTestMethods(TestInvoker.java:194)
at org.testng.internal.invokers.TestMethodWorker.invokeTestMethods(TestMethodWorker.java:148)
at org.testng.internal.invokers.TestMethodWorker.run(TestMethodWorker.java:128)
at java.base/java.util.ArrayList.forEach(ArrayList.java:1511)
at org.testng.TestRunner.privateRun(TestRunner.java:829)
at org.testng.TestRunner.run(TestRunner.java:602)
at org.testng.SuiteRunner.runTest(SuiteRunner.java:437)
at org.testng.SuiteRunner.runSequentially(SuiteRunner.java:431)
at org.testng.SuiteRunner.privateRun(SuiteRunner.java:391)
at org.testng.SuiteRunner.run(SuiteRunner.java:330)
at org.testng.SuiteRunnerWorker.runSuite(SuiteRunnerWorker.java:52)
at org.testng.SuiteRunnerWorker.run(SuiteRunnerWorker.java:95)
at org.testng.TestNG.runSuitesSequentially(TestNG.java:1256)
at org.testng.TestNG.runSuitesLocally(TestNG.java:1176)
at org.testng.TestNG.runSuites(TestNG.java:1099)
at org.testng.TestNG.run(TestNG.java:1067)
at org.testng.remote.AbstractRemoteTestNG.run(AbstractRemoteTestNG.java:115)
at org.testng.remote.RemoteTestNG.initAndRun(RemoteTestNG.java:251)
at org.testng.remote.RemoteTestNG.main(RemoteTestNG.java:77)
Caused by: org.openqa.selenium.NoSuchElementException: no such element: Unable to locate element: {"method":"xpath","selector":"//*[@id="address-ui-widgets-countryCode-dropdown-nativeId"]"}
  (Session info: chrome=116.0.5845.141)
For documentation on this error, please visit: https://www.selenium.dev/documentation/webdriver/troubleshooting/errors#no-such-element-exception
Build info: version: '4.10.0', revision: 'c14d967899'
System info: os.name: 'Windows 11', os.arch: 'amd64', os.version: '10.0', java.version: '20.0.1'
Driver info: org.openqa.selenium.chrome.ChromeDriver
Command: [a2385effd37cd09087930290f5d44152, findElement {using=xpath, value=//*[@id="address-ui-widgets-countryCode-dropdown-nativeId"]}]
Capabilities {acceptInsecureCerts: false, browserName: chrome, browserVersion: 116.0.5845.141, chrome: {chromedriverVersion: 116.0.5845.96 (1a3918166880..., userDataDir: C:\Users\sagar\AppData\Loca...}, fedcm:accounts: true, goog:chromeOptions: {debuggerAddress: localhost:53560}, networkConnectionEnabled: false, pageLoadStrategy: normal, platformName: windows, proxy: Proxy(), se:cdp: ws://localhost:53560/devtoo..., se:cdpVersion: 116.0.5845.141, setWindowRect: true, strictFileInteractability: false, timeouts: {implicit: 0, pageLoad: 300000, script: 30000}, unhandledPromptBehavior: dismiss and notify, webauthn:extension:credBlob: true, webauthn:extension:largeBlob: true, webauthn:extension:minPinLength: true, webauthn:extension:prf: true, webauthn:virtualAuthenticators: true}
Session ID: a2385effd37cd09087930290f5d44152
at java.base/jdk.internal.reflect.DirectConstructorHandleAccessor.newInstance(DirectConstructorHandleAccessor.java:67)
at java.base/java.lang.reflect.Constructor.newInstanceWithCaller(Constructor.java:500)
at java.base/java.lang.reflect.Constructor.newInstance(Constructor.java:484)
at org.openqa.selenium.remote.codec.w3c.W3CHttpResponseCodec.createException(W3CHttpResponseCodec.java:199)
at org.openqa.selenium.remote.codec.w3c.W3CHttpResponseCodec.decode(W3CHttpResponseCodec.java:132)
at org.openqa.selenium.remote.codec.w3c.W3CHttpResponseCodec.decode(W3CHttpResponseCodec.java:51)
at org.openqa.selenium.remote.HttpCommandExecutor.execute(HttpCommandExecutor.java:191)
at org.openqa.selenium.remote.service.DriverCommandExecutor.invokeExecute(DriverCommandExecutor.java:196)
at org.openqa.selenium.remote.service.DriverCommandExecutor.execute(DriverCommandExecutor.java:171)
at org.openqa.selenium.remote.RemoteWebDriver.execute(RemoteWebDriver.java:531)
at org.openqa.selenium.remote.ElementLocation$ElementFinder$2.findElement(ElementLocation.java:165)
at org.openqa.selenium.remote.ElementLocation.findElement(ElementLocation.java:59)
at org.openqa.selenium.remote.RemoteWebDriver.findElement(RemoteWebDriver.java:350)
at org.openqa.selenium.remote.RemoteWebDriver.findElement(RemoteWebDriver.java:344)
at org.openqa.selenium.support.pagefactory.DefaultElementLocator.findElement(DefaultElementLocator.java:68)
at org.openqa.selenium.support.pagefactory.internal.LocatingElementHandler.invoke(LocatingElementHandler.java:38)
at jdk.proxy2/jdk.proxy2.$Proxy16.isDisplayed(Unknown Source)
at org.openqa.selenium.support.ui.ExpectedConditions.elementIfVisible(ExpectedConditions.java:304)
at org.openqa.selenium.support.ui.ExpectedConditions.access$000(ExpectedConditions.java:37)
at org.openqa.selenium.support.ui.ExpectedConditions$10.apply(ExpectedConditions.java:290)
at org.openqa.selenium.support.ui.ExpectedConditions$10.apply(ExpectedConditions.java:287)
at org.openqa.selenium.support.ui.FluentWait.until(FluentWait.java:205)
... 29 more
]]>
            </full-stacktrace>
          </exception> <!-- org.openqa.selenium.TimeoutException -->
          <reporter-output>
          </reporter-output>
        </test-method> <!-- Click_Country_Region_Field -->
        <test-method is-config="true" signature="close()[pri:0, instance:testLayer.AmazonTest@3e8c3cb]" started-at="2023-09-01T15:04:46 EDT" name="close" finished-at="2023-09-01T15:04:51 EDT" duration-ms="5106" status="PASS">
          <reporter-output>
          </reporter-output>
        </test-method> <!-- close -->
        <test-method is-config="true" signature="initsetup()[pri:0, instance:testLayer.AmazonTest@3e8c3cb]" started-at="2023-09-01T15:04:51 EDT" name="initsetup" finished-at="2023-09-01T15:04:51 EDT" duration-ms="544" status="PASS">
          <reporter-output>
          </reporter-output>
        </test-method> <!-- initsetup -->
        <test-method signature="Click_Your_Payment()[pri:0, instance:testLayer.AmazonTest@3e8c3cb]" started-at="2023-09-01T15:04:51 EDT" name="Click_Your_Payment" finished-at="2023-09-01T15:04:53 EDT" duration-ms="2170" status="PASS">
          <reporter-output>
          </reporter-output>
        </test-method> <!-- Click_Your_Payment -->
        <test-method is-config="true" signature="close()[pri:0, instance:testLayer.AmazonTest@3e8c3cb]" started-at="2023-09-01T15:04:53 EDT" name="close" finished-at="2023-09-01T15:04:59 EDT" duration-ms="5116" status="PASS">
          <reporter-output>
          </reporter-output>
        </test-method> <!-- close -->
        <test-method is-config="true" signature="initsetup()[pri:0, instance:testLayer.AmazonTest@3e8c3cb]" started-at="2023-09-01T15:04:59 EDT" name="initsetup" finished-at="2023-09-01T15:04:59 EDT" duration-ms="538" status="PASS">
          <reporter-output>
          </reporter-output>
        </test-method> <!-- initsetup -->
        <test-method signature="Dropdown_Your_Order_History()[pri:0, instance:testLayer.AmazonTest@3e8c3cb]" started-at="2023-09-01T15:04:59 EDT" name="Dropdown_Your_Order_History" finished-at="2023-09-01T15:05:13 EDT" duration-ms="14091" status="PASS">
          <reporter-output>
          </reporter-output>
        </test-method> <!-- Dropdown_Your_Order_History -->
        <test-method is-config="true" signature="close()[pri:0, instance:testLayer.AmazonTest@3e8c3cb]" started-at="2023-09-01T15:05:13 EDT" name="close" finished-at="2023-09-01T15:05:18 EDT" duration-ms="5101" status="PASS">
          <reporter-output>
          </reporter-output>
        </test-method> <!-- close -->
        <test-method is-config="true" signature="initsetup()[pri:0, instance:testLayer.AmazonTest@3e8c3cb]" started-at="2023-09-01T15:05:18 EDT" name="initsetup" finished-at="2023-09-01T15:05:19 EDT" duration-ms="624" status="PASS">
          <reporter-output>
          </reporter-output>
        </test-method> <!-- initsetup -->
        <test-method signature="Invalid_EmailAddress_In_Email_Or_MobileField()[pri:0, instance:testLayer.AmazonTest@3e8c3cb]" started-at="2023-09-01T15:05:19 EDT" name="Invalid_EmailAddress_In_Email_Or_MobileField" finished-at="2023-09-01T15:05:20 EDT" duration-ms="863" status="PASS">
          <reporter-output>
          </reporter-output>
        </test-method> <!-- Invalid_EmailAddress_In_Email_Or_MobileField -->
        <test-method is-config="true" signature="close()[pri:0, instance:testLayer.AmazonTest@3e8c3cb]" started-at="2023-09-01T15:05:20 EDT" name="close" finished-at="2023-09-01T15:05:25 EDT" duration-ms="5134" status="PASS">
          <reporter-output>
          </reporter-output>
        </test-method> <!-- close -->
        <test-method is-config="true" signature="initsetup()[pri:0, instance:testLayer.AmazonTest@3e8c3cb]" started-at="2023-09-01T15:05:25 EDT" name="initsetup" finished-at="2023-09-01T15:05:25 EDT" duration-ms="542" status="PASS">
          <reporter-output>
          </reporter-output>
        </test-method> <!-- initsetup -->
        <test-method signature="Invalid_Mobilenumber_In_Email_Or_MobileField()[pri:0, instance:testLayer.AmazonTest@3e8c3cb]" started-at="2023-09-01T15:05:25 EDT" name="Invalid_Mobilenumber_In_Email_Or_MobileField" finished-at="2023-09-01T15:05:26 EDT" duration-ms="748" status="PASS">
          <reporter-output>
          </reporter-output>
        </test-method> <!-- Invalid_Mobilenumber_In_Email_Or_MobileField -->
        <test-method is-config="true" signature="close()[pri:0, instance:testLayer.AmazonTest@3e8c3cb]" started-at="2023-09-01T15:05:26 EDT" name="close" finished-at="2023-09-01T15:05:31 EDT" duration-ms="5100" status="PASS">
          <reporter-output>
          </reporter-output>
        </test-method> <!-- close -->
        <test-method is-config="true" signature="initsetup()[pri:0, instance:testLayer.AmazonTest@3e8c3cb]" started-at="2023-09-01T15:05:31 EDT" name="initsetup" finished-at="2023-09-01T15:05:32 EDT" duration-ms="663" status="PASS">
          <reporter-output>
          </reporter-output>
        </test-method> <!-- initsetup -->
        <test-method signature="Invalid_Password()[pri:0, instance:testLayer.AmazonTest@3e8c3cb]" started-at="2023-09-01T15:05:32 EDT" name="Invalid_Password" finished-at="2023-09-01T15:05:43 EDT" duration-ms="11321" status="FAIL">
          <exception class="org.openqa.selenium.NoSuchElementException">
            <message>
              <![CDATA[no such element: Unable to locate element: {"method":"css selector","selector":"#auth-error-message-box > div > div > ul > li > span"}
  (Session info: chrome=116.0.5845.141)
For documentation on this error, please visit: https://www.selenium.dev/documentation/webdriver/troubleshooting/errors#no-such-element-exception
Build info: version: '4.10.0', revision: 'c14d967899'
System info: os.name: 'Windows 11', os.arch: 'amd64', os.version: '10.0', java.version: '20.0.1'
Driver info: org.openqa.selenium.chrome.ChromeDriver
Command: [c264aea05323afdb5834cecfefea6170, findElement {using=css selector, value=#auth-error-message-box > div > div > ul > li > span}]
Capabilities {acceptInsecureCerts: false, browserName: chrome, browserVersion: 116.0.5845.141, chrome: {chromedriverVersion: 116.0.5845.96 (1a3918166880..., userDataDir: C:\Users\sagar\AppData\Loca...}, fedcm:accounts: true, goog:chromeOptions: {debuggerAddress: localhost:53991}, networkConnectionEnabled: false, pageLoadStrategy: normal, platformName: windows, proxy: Proxy(), se:cdp: ws://localhost:53991/devtoo..., se:cdpVersion: 116.0.5845.141, setWindowRect: true, strictFileInteractability: false, timeouts: {implicit: 0, pageLoad: 300000, script: 30000}, unhandledPromptBehavior: dismiss and notify, webauthn:extension:credBlob: true, webauthn:extension:largeBlob: true, webauthn:extension:minPinLength: true, webauthn:extension:prf: true, webauthn:virtualAuthenticators: true}
Session ID: c264aea05323afdb5834cecfefea6170]]>
            </message>
            <full-stacktrace>
              <![CDATA[org.openqa.selenium.NoSuchElementException: no such element: Unable to locate element: {"method":"css selector","selector":"#auth-error-message-box > div > div > ul > li > span"}
  (Session info: chrome=116.0.5845.141)
For documentation on this error, please visit: https://www.selenium.dev/documentation/webdriver/troubleshooting/errors#no-such-element-exception
Build info: version: '4.10.0', revision: 'c14d967899'
System info: os.name: 'Windows 11', os.arch: 'amd64', os.version: '10.0', java.version: '20.0.1'
Driver info: org.openqa.selenium.chrome.ChromeDriver
Command: [c264aea05323afdb5834cecfefea6170, findElement {using=css selector, value=#auth-error-message-box > div > div > ul > li > span}]
Capabilities {acceptInsecureCerts: false, browserName: chrome, browserVersion: 116.0.5845.141, chrome: {chromedriverVersion: 116.0.5845.96 (1a3918166880..., userDataDir: C:\Users\sagar\AppData\Loca...}, fedcm:accounts: true, goog:chromeOptions: {debuggerAddress: localhost:53991}, networkConnectionEnabled: false, pageLoadStrategy: normal, platformName: windows, proxy: Proxy(), se:cdp: ws://localhost:53991/devtoo..., se:cdpVersion: 116.0.5845.141, setWindowRect: true, strictFileInteractability: false, timeouts: {implicit: 0, pageLoad: 300000, script: 30000}, unhandledPromptBehavior: dismiss and notify, webauthn:extension:credBlob: true, webauthn:extension:largeBlob: true, webauthn:extension:minPinLength: true, webauthn:extension:prf: true, webauthn:virtualAuthenticators: true}
Session ID: c264aea05323afdb5834cecfefea6170
at java.base/jdk.internal.reflect.DirectConstructorHandleAccessor.newInstance(DirectConstructorHandleAccessor.java:67)
at java.base/java.lang.reflect.Constructor.newInstanceWithCaller(Constructor.java:500)
at java.base/java.lang.reflect.Constructor.newInstance(Constructor.java:484)
at org.openqa.selenium.remote.codec.w3c.W3CHttpResponseCodec.createException(W3CHttpResponseCodec.java:199)
at org.openqa.selenium.remote.codec.w3c.W3CHttpResponseCodec.decode(W3CHttpResponseCodec.java:132)
at org.openqa.selenium.remote.codec.w3c.W3CHttpResponseCodec.decode(W3CHttpResponseCodec.java:51)
at org.openqa.selenium.remote.HttpCommandExecutor.execute(HttpCommandExecutor.java:191)
at org.openqa.selenium.remote.service.DriverCommandExecutor.invokeExecute(DriverCommandExecutor.java:196)
at org.openqa.selenium.remote.service.DriverCommandExecutor.execute(DriverCommandExecutor.java:171)
at org.openqa.selenium.remote.RemoteWebDriver.execute(RemoteWebDriver.java:531)
at org.openqa.selenium.remote.ElementLocation$ElementFinder$2.findElement(ElementLocation.java:165)
at org.openqa.selenium.remote.ElementLocation.findElement(ElementLocation.java:59)
at org.openqa.selenium.remote.RemoteWebDriver.findElement(RemoteWebDriver.java:350)
at org.openqa.selenium.remote.RemoteWebDriver.findElement(RemoteWebDriver.java:344)
at org.openqa.selenium.support.pagefactory.DefaultElementLocator.findElement(DefaultElementLocator.java:68)
at org.openqa.selenium.support.pagefactory.internal.LocatingElementHandler.invoke(LocatingElementHandler.java:38)
at jdk.proxy2/jdk.proxy2.$Proxy16.getText(Unknown Source)
at pompackage.PomSignInPage.InvalidPasswordErrorMessage(PomSignInPage.java:86)
at testLayer.AmazonTest.Invalid_Password(AmazonTest.java:148)
at java.base/jdk.internal.reflect.DirectMethodHandleAccessor.invoke(DirectMethodHandleAccessor.java:104)
at java.base/java.lang.reflect.Method.invoke(Method.java:578)
at org.testng.internal.invokers.MethodInvocationHelper.invokeMethod(MethodInvocationHelper.java:139)
at org.testng.internal.invokers.TestInvoker.invokeMethod(TestInvoker.java:677)
at org.testng.internal.invokers.TestInvoker.invokeTestMethod(TestInvoker.java:221)
at org.testng.internal.invokers.MethodRunner.runInSequence(MethodRunner.java:50)
at org.testng.internal.invokers.TestInvoker$MethodInvocationAgent.invoke(TestInvoker.java:969)
at org.testng.internal.invokers.TestInvoker.invokeTestMethods(TestInvoker.java:194)
at org.testng.internal.invokers.TestMethodWorker.invokeTestMethods(TestMethodWorker.java:148)
at org.testng.internal.invokers.TestMethodWorker.run(TestMethodWorker.java:128)
at java.base/java.util.ArrayList.forEach(ArrayList.java:1511)
at org.testng.TestRunner.privateRun(TestRunner.java:829)
at org.testng.TestRunner.run(TestRunner.java:602)
at org.testng.SuiteRunner.runTest(SuiteRunner.java:437)
at org.testng.SuiteRunner.runSequentially(SuiteRunner.java:431)
at org.testng.SuiteRunner.privateRun(SuiteRunner.java:391)
at org.testng.SuiteRunner.run(SuiteRunner.java:330)
at org.testng.SuiteRunnerWorker.runSuite(SuiteRunnerWorker.java:52)
at org.testng.SuiteRunnerWorker.run(SuiteRunnerWorker.java:95)
at org.testng.TestNG.runSuitesSequentially(TestNG.java:1256)
at org.testng.TestNG.runSuitesLocally(TestNG.java:1176)
at org.testng.TestNG.runSuites(TestNG.java:1099)
at org.testng.TestNG.run(TestNG.java:1067)
at org.testng.remote.AbstractRemoteTestNG.run(AbstractRemoteTestNG.java:115)
at org.testng.remote.RemoteTestNG.initAndRun(RemoteTestNG.java:251)
at org.testng.remote.RemoteTestNG.main(RemoteTestNG.java:77)
]]>
            </full-stacktrace>
          </exception> <!-- org.openqa.selenium.NoSuchElementException -->
          <reporter-output>
          </reporter-output>
        </test-method> <!-- Invalid_Password -->
        <test-method is-config="true" signature="close()[pri:0, instance:testLayer.AmazonTest@3e8c3cb]" started-at="2023-09-01T15:05:43 EDT" name="close" finished-at="2023-09-01T15:05:48 EDT" duration-ms="5116" status="PASS">
          <reporter-output>
          </reporter-output>
        </test-method> <!-- close -->
        <test-method is-config="true" signature="initsetup()[pri:0, instance:testLayer.AmazonTest@3e8c3cb]" started-at="2023-09-01T15:05:48 EDT" name="initsetup" finished-at="2023-09-01T15:05:49 EDT" duration-ms="651" status="PASS">
          <reporter-output>
          </reporter-output>
        </test-method> <!-- initsetup -->
        <test-method signature="Mouse_hover()[pri:0, instance:testLayer.AmazonTest@3e8c3cb]" started-at="2023-09-01T15:05:49 EDT" name="Mouse_hover" finished-at="2023-09-01T15:05:58 EDT" duration-ms="8449" status="PASS">
          <reporter-output>
          </reporter-output>
        </test-method> <!-- Mouse_hover -->
        <test-method is-config="true" signature="close()[pri:0, instance:testLayer.AmazonTest@3e8c3cb]" started-at="2023-09-01T15:05:58 EDT" name="close" finished-at="2023-09-01T15:06:03 EDT" duration-ms="5136" status="PASS">
          <reporter-output>
          </reporter-output>
        </test-method> <!-- close -->
        <test-method is-config="true" signature="initsetup()[pri:0, instance:testLayer.AmazonTest@3e8c3cb]" started-at="2023-09-01T15:06:03 EDT" name="initsetup" finished-at="2023-09-01T15:06:03 EDT" duration-ms="659" status="PASS">
          <reporter-output>
          </reporter-output>
        </test-method> <!-- initsetup -->
        <test-method signature="Not_Yet_Shipped_Field()[pri:0, instance:testLayer.AmazonTest@3e8c3cb]" started-at="2023-09-01T15:06:03 EDT" name="Not_Yet_Shipped_Field" finished-at="2023-09-01T15:06:10 EDT" duration-ms="6583" status="PASS">
          <reporter-output>
          </reporter-output>
        </test-method> <!-- Not_Yet_Shipped_Field -->
        <test-method is-config="true" signature="close()[pri:0, instance:testLayer.AmazonTest@3e8c3cb]" started-at="2023-09-01T15:06:10 EDT" name="close" finished-at="2023-09-01T15:06:15 EDT" duration-ms="5112" status="PASS">
          <reporter-output>
          </reporter-output>
        </test-method> <!-- close -->
        <test-method is-config="true" signature="initsetup()[pri:0, instance:testLayer.AmazonTest@3e8c3cb]" started-at="2023-09-01T15:06:15 EDT" name="initsetup" finished-at="2023-09-01T15:06:16 EDT" duration-ms="544" status="PASS">
          <reporter-output>
          </reporter-output>
        </test-method> <!-- initsetup -->
        <test-method signature="Partial_Product_Search_1Char_Suggestion()[pri:0, instance:testLayer.AmazonTest@3e8c3cb]" started-at="2023-09-01T15:06:16 EDT" name="Partial_Product_Search_1Char_Suggestion" finished-at="2023-09-01T15:06:17 EDT" duration-ms="1826" status="PASS">
          <reporter-output>
          </reporter-output>
        </test-method> <!-- Partial_Product_Search_1Char_Suggestion -->
        <test-method is-config="true" signature="close()[pri:0, instance:testLayer.AmazonTest@3e8c3cb]" started-at="2023-09-01T15:06:17 EDT" name="close" finished-at="2023-09-01T15:06:23 EDT" duration-ms="5107" status="PASS">
          <reporter-output>
          </reporter-output>
        </test-method> <!-- close -->
        <test-method is-config="true" signature="initsetup()[pri:0, instance:testLayer.AmazonTest@3e8c3cb]" started-at="2023-09-01T15:06:23 EDT" name="initsetup" finished-at="2023-09-01T15:06:23 EDT" duration-ms="526" status="PASS">
          <reporter-output>
          </reporter-output>
        </test-method> <!-- initsetup -->
        <test-method signature="Partial_Product_Search_3Char_Suggestion()[pri:0, instance:testLayer.AmazonTest@3e8c3cb]" started-at="2023-09-01T15:06:23 EDT" name="Partial_Product_Search_3Char_Suggestion" finished-at="2023-09-01T15:06:31 EDT" duration-ms="8447" status="PASS">
          <reporter-output>
          </reporter-output>
        </test-method> <!-- Partial_Product_Search_3Char_Suggestion -->
        <test-method is-config="true" signature="close()[pri:0, instance:testLayer.AmazonTest@3e8c3cb]" started-at="2023-09-01T15:06:31 EDT" name="close" finished-at="2023-09-01T15:06:37 EDT" duration-ms="5123" status="PASS">
          <reporter-output>
          </reporter-output>
        </test-method> <!-- close -->
        <test-method is-config="true" signature="initsetup()[pri:0, instance:testLayer.AmazonTest@3e8c3cb]" started-at="2023-09-01T15:06:37 EDT" name="initsetup" finished-at="2023-09-01T15:06:37 EDT" duration-ms="524" status="PASS">
          <reporter-output>
          </reporter-output>
        </test-method> <!-- initsetup -->
        <test-method signature="Partial_Product_Search_String_Suggestion()[pri:0, instance:testLayer.AmazonTest@3e8c3cb]" started-at="2023-09-01T15:06:37 EDT" name="Partial_Product_Search_String_Suggestion" finished-at="2023-09-01T15:06:46 EDT" duration-ms="8757" status="PASS">
          <reporter-output>
          </reporter-output>
        </test-method> <!-- Partial_Product_Search_String_Suggestion -->
        <test-method is-config="true" signature="close()[pri:0, instance:testLayer.AmazonTest@3e8c3cb]" started-at="2023-09-01T15:06:46 EDT" name="close" finished-at="2023-09-01T15:06:51 EDT" duration-ms="5148" status="PASS">
          <reporter-output>
          </reporter-output>
        </test-method> <!-- close -->
        <test-method is-config="true" signature="initsetup()[pri:0, instance:testLayer.AmazonTest@3e8c3cb]" started-at="2023-09-01T15:06:51 EDT" name="initsetup" finished-at="2023-09-01T15:06:52 EDT" duration-ms="539" status="PASS">
          <reporter-output>
          </reporter-output>
        </test-method> <!-- initsetup -->
        <test-method signature="Search_Btn()[pri:0, instance:testLayer.AmazonTest@3e8c3cb]" started-at="2023-09-01T15:06:52 EDT" name="Search_Btn" finished-at="2023-09-01T15:07:00 EDT" duration-ms="7959" status="PASS">
          <reporter-output>
          </reporter-output>
        </test-method> <!-- Search_Btn -->
        <test-method is-config="true" signature="close()[pri:0, instance:testLayer.AmazonTest@3e8c3cb]" started-at="2023-09-01T15:07:00 EDT" name="close" finished-at="2023-09-01T15:07:05 EDT" duration-ms="5119" status="PASS">
          <reporter-output>
          </reporter-output>
        </test-method> <!-- close -->
        <test-method is-config="true" signature="initsetup()[pri:0, instance:testLayer.AmazonTest@3e8c3cb]" started-at="2023-09-01T15:07:05 EDT" name="initsetup" finished-at="2023-09-01T15:07:05 EDT" duration-ms="552" status="PASS">
          <reporter-output>
          </reporter-output>
        </test-method> <!-- initsetup -->
        <test-method signature="Search_product()[pri:0, instance:testLayer.AmazonTest@3e8c3cb]" started-at="2023-09-01T15:07:05 EDT" name="Search_product" finished-at="2023-09-01T15:07:13 EDT" duration-ms="8144" status="PASS">
          <reporter-output>
          </reporter-output>
        </test-method> <!-- Search_product -->
        <test-method is-config="true" signature="close()[pri:0, instance:testLayer.AmazonTest@3e8c3cb]" started-at="2023-09-01T15:07:13 EDT" name="close" finished-at="2023-09-01T15:07:18 EDT" duration-ms="5153" status="PASS">
          <reporter-output>
          </reporter-output>
        </test-method> <!-- close -->
        <test-method is-config="true" signature="initsetup()[pri:0, instance:testLayer.AmazonTest@3e8c3cb]" started-at="2023-09-01T15:07:18 EDT" name="initsetup" finished-at="2023-09-01T15:07:19 EDT" duration-ms="676" status="PASS">
          <reporter-output>
          </reporter-output>
        </test-method> <!-- initsetup -->
        <test-method signature="Select_Brand_Checkbox()[pri:0, instance:testLayer.AmazonTest@3e8c3cb]" started-at="2023-09-01T15:07:19 EDT" name="Select_Brand_Checkbox" finished-at="2023-09-01T15:07:24 EDT" duration-ms="4435" status="PASS">
          <reporter-output>
          </reporter-output>
        </test-method> <!-- Select_Brand_Checkbox -->
        <test-method is-config="true" signature="close()[pri:0, instance:testLayer.AmazonTest@3e8c3cb]" started-at="2023-09-01T15:07:24 EDT" name="close" finished-at="2023-09-01T15:07:29 EDT" duration-ms="5116" status="PASS">
          <reporter-output>
          </reporter-output>
        </test-method> <!-- close -->
        <test-method is-config="true" signature="initsetup()[pri:0, instance:testLayer.AmazonTest@3e8c3cb]" started-at="2023-09-01T15:07:29 EDT" name="initsetup" finished-at="2023-09-01T15:07:29 EDT" duration-ms="604" status="PASS">
          <reporter-output>
          </reporter-output>
        </test-method> <!-- initsetup -->
        <test-method signature="Select_Out_Of_Stock_Product_Checkbox()[pri:0, instance:testLayer.AmazonTest@3e8c3cb]" started-at="2023-09-01T15:07:29 EDT" name="Select_Out_Of_Stock_Product_Checkbox" finished-at="2023-09-01T15:07:40 EDT" duration-ms="10814" status="PASS">
          <reporter-output>
          </reporter-output>
        </test-method> <!-- Select_Out_Of_Stock_Product_Checkbox -->
        <test-method is-config="true" signature="close()[pri:0, instance:testLayer.AmazonTest@3e8c3cb]" started-at="2023-09-01T15:07:40 EDT" name="close" finished-at="2023-09-01T15:07:45 EDT" duration-ms="5157" status="PASS">
          <reporter-output>
          </reporter-output>
        </test-method> <!-- close -->
        <test-method is-config="true" signature="initsetup()[pri:0, instance:testLayer.AmazonTest@3e8c3cb]" started-at="2023-09-01T15:07:45 EDT" name="initsetup" finished-at="2023-09-01T15:07:46 EDT" duration-ms="541" status="PASS">
          <reporter-output>
          </reporter-output>
        </test-method> <!-- initsetup -->
        <test-method signature="Select_Rating()[pri:0, instance:testLayer.AmazonTest@3e8c3cb]" started-at="2023-09-01T15:07:46 EDT" name="Select_Rating" finished-at="2023-09-01T15:07:57 EDT" duration-ms="10676" status="PASS">
          <reporter-output>
          </reporter-output>
        </test-method> <!-- Select_Rating -->
        <test-method is-config="true" signature="close()[pri:0, instance:testLayer.AmazonTest@3e8c3cb]" started-at="2023-09-01T15:07:57 EDT" name="close" finished-at="2023-09-01T15:08:02 EDT" duration-ms="5168" status="PASS">
          <reporter-output>
          </reporter-output>
        </test-method> <!-- close -->
        <test-method is-config="true" signature="initsetup()[pri:0, instance:testLayer.AmazonTest@3e8c3cb]" started-at="2023-09-01T15:08:02 EDT" name="initsetup" finished-at="2023-09-01T15:08:02 EDT" duration-ms="604" status="PASS">
          <reporter-output>
          </reporter-output>
        </test-method> <!-- initsetup -->
        <test-method signature="Successfull_SignIn()[pri:0, instance:testLayer.AmazonTest@3e8c3cb]" started-at="2023-09-01T15:08:02 EDT" name="Successfull_SignIn" finished-at="2023-09-01T15:08:04 EDT" duration-ms="1352" status="PASS">
          <reporter-output>
          </reporter-output>
        </test-method> <!-- Successfull_SignIn -->
        <test-method is-config="true" signature="close()[pri:0, instance:testLayer.AmazonTest@3e8c3cb]" started-at="2023-09-01T15:08:04 EDT" name="close" finished-at="2023-09-01T15:08:09 EDT" duration-ms="5271" status="PASS">
          <reporter-output>
          </reporter-output>
        </test-method> <!-- close -->
        <test-method is-config="true" signature="initsetup()[pri:0, instance:testLayer.AmazonTest@3e8c3cb]" started-at="2023-09-01T15:08:09 EDT" name="initsetup" finished-at="2023-09-01T15:08:10 EDT" duration-ms="613" status="PASS">
          <reporter-output>
          </reporter-output>
        </test-method> <!-- initsetup -->
        <test-method signature="Title()[pri:0, instance:testLayer.AmazonTest@3e8c3cb]" started-at="2023-09-01T15:08:10 EDT" name="Title" finished-at="2023-09-01T15:08:14 EDT" duration-ms="4713" status="PASS">
          <reporter-output>
          </reporter-output>
        </test-method> <!-- Title -->
        <test-method is-config="true" signature="close()[pri:0, instance:testLayer.AmazonTest@3e8c3cb]" started-at="2023-09-01T15:08:14 EDT" name="close" finished-at="2023-09-01T15:08:19 EDT" duration-ms="5118" status="PASS">
          <reporter-output>
          </reporter-output>
        </test-method> <!-- close -->
        <test-method is-config="true" signature="initsetup()[pri:0, instance:testLayer.AmazonTest@3e8c3cb]" started-at="2023-09-01T15:08:19 EDT" name="initsetup" finished-at="2023-09-01T15:08:20 EDT" duration-ms="559" status="PASS">
          <reporter-output>
          </reporter-output>
        </test-method> <!-- initsetup -->
        <test-method signature="Validate_Duplicate_Items_In_SRP()[pri:0, instance:testLayer.AmazonTest@3e8c3cb]" started-at="2023-09-01T15:08:20 EDT" name="Validate_Duplicate_Items_In_SRP" finished-at="2023-09-01T15:08:39 EDT" duration-ms="18626" status="FAIL">
          <exception class="java.lang.AssertionError">
            <message>
              <![CDATA[Duplicate Items Exists expected [true] but found [false]]]>
            </message>
            <full-stacktrace>
              <![CDATA[java.lang.AssertionError: Duplicate Items Exists expected [true] but found [false]
at org.testng.Assert.fail(Assert.java:110)
at org.testng.Assert.failNotEquals(Assert.java:1577)
at org.testng.Assert.assertTrue(Assert.java:56)
at testLayer.AmazonTest.Validate_Duplicate_Items_In_SRP(AmazonTest.java:375)
at java.base/jdk.internal.reflect.DirectMethodHandleAccessor.invoke(DirectMethodHandleAccessor.java:104)
at java.base/java.lang.reflect.Method.invoke(Method.java:578)
at org.testng.internal.invokers.MethodInvocationHelper.invokeMethod(MethodInvocationHelper.java:139)
at org.testng.internal.invokers.TestInvoker.invokeMethod(TestInvoker.java:677)
at org.testng.internal.invokers.TestInvoker.invokeTestMethod(TestInvoker.java:221)
at org.testng.internal.invokers.MethodRunner.runInSequence(MethodRunner.java:50)
at org.testng.internal.invokers.TestInvoker$MethodInvocationAgent.invoke(TestInvoker.java:969)
at org.testng.internal.invokers.TestInvoker.invokeTestMethods(TestInvoker.java:194)
at org.testng.internal.invokers.TestMethodWorker.invokeTestMethods(TestMethodWorker.java:148)
at org.testng.internal.invokers.TestMethodWorker.run(TestMethodWorker.java:128)
at java.base/java.util.ArrayList.forEach(ArrayList.java:1511)
at org.testng.TestRunner.privateRun(TestRunner.java:829)
at org.testng.TestRunner.run(TestRunner.java:602)
at org.testng.SuiteRunner.runTest(SuiteRunner.java:437)
at org.testng.SuiteRunner.runSequentially(SuiteRunner.java:431)
at org.testng.SuiteRunner.privateRun(SuiteRunner.java:391)
at org.testng.SuiteRunner.run(SuiteRunner.java:330)
at org.testng.SuiteRunnerWorker.runSuite(SuiteRunnerWorker.java:52)
at org.testng.SuiteRunnerWorker.run(SuiteRunnerWorker.java:95)
at org.testng.TestNG.runSuitesSequentially(TestNG.java:1256)
at org.testng.TestNG.runSuitesLocally(TestNG.java:1176)
at org.testng.TestNG.runSuites(TestNG.java:1099)
at org.testng.TestNG.run(TestNG.java:1067)
at org.testng.remote.AbstractRemoteTestNG.run(AbstractRemoteTestNG.java:115)
at org.testng.remote.RemoteTestNG.initAndRun(RemoteTestNG.java:251)
at org.testng.remote.RemoteTestNG.main(RemoteTestNG.java:77)
]]>
            </full-stacktrace>
          </exception> <!-- java.lang.AssertionError -->
          <reporter-output>
          </reporter-output>
        </test-method> <!-- Validate_Duplicate_Items_In_SRP -->
        <test-method is-config="true" signature="close()[pri:0, instance:testLayer.AmazonTest@3e8c3cb]" started-at="2023-09-01T15:08:39 EDT" name="close" finished-at="2023-09-01T15:08:44 EDT" duration-ms="5144" status="PASS">
          <reporter-output>
          </reporter-output>
        </test-method> <!-- close -->
        <test-method is-config="true" signature="initsetup()[pri:0, instance:testLayer.AmazonTest@3e8c3cb]" started-at="2023-09-01T15:08:44 EDT" name="initsetup" finished-at="2023-09-01T15:08:44 EDT" duration-ms="634" status="PASS">
          <reporter-output>
          </reporter-output>
        </test-method> <!-- initsetup -->
        <test-method signature="Verify_Hello_Username()[pri:0, instance:testLayer.AmazonTest@3e8c3cb]" started-at="2023-09-01T15:08:44 EDT" name="Verify_Hello_Username" finished-at="2023-09-01T15:08:56 EDT" duration-ms="11729" status="PASS">
          <reporter-output>
          </reporter-output>
        </test-method> <!-- Verify_Hello_Username -->
        <test-method is-config="true" signature="close()[pri:0, instance:testLayer.AmazonTest@3e8c3cb]" started-at="2023-09-01T15:08:56 EDT" name="close" finished-at="2023-09-01T15:09:01 EDT" duration-ms="5120" status="PASS">
          <reporter-output>
          </reporter-output>
        </test-method> <!-- close -->
        <test-method is-config="true" signature="initsetup()[pri:0, instance:testLayer.AmazonTest@3e8c3cb]" started-at="2023-09-01T15:09:01 EDT" name="initsetup" finished-at="2023-09-01T15:09:02 EDT" duration-ms="547" status="PASS">
          <reporter-output>
          </reporter-output>
        </test-method> <!-- initsetup -->
        <test-method signature="Your_Address_Field()[pri:0, instance:testLayer.AmazonTest@3e8c3cb]" started-at="2023-09-01T15:09:02 EDT" name="Your_Address_Field" finished-at="2023-09-01T15:09:16 EDT" duration-ms="14344" status="PASS">
          <reporter-output>
          </reporter-output>
        </test-method> <!-- Your_Address_Field -->
        <test-method is-config="true" signature="close()[pri:0, instance:testLayer.AmazonTest@3e8c3cb]" started-at="2023-09-01T15:09:16 EDT" name="close" finished-at="2023-09-01T15:09:21 EDT" duration-ms="5139" status="PASS">
          <reporter-output>
          </reporter-output>
        </test-method> <!-- close -->
      </class> <!-- testLayer.AmazonTest -->
    </test> <!-- Default test -->
  </suite> <!-- Default suite -->
</testng-results>
